This file contains any messages produced by compilers while
running configure, to aid debugging if configure makes a mistake.

It was created by RISC-V Proxy Kernel configure ?, which was
generated by GNU Autoconf 2.69.  Invocation command line was

  $ ../configure --prefix=/home/mjeje/xbgas/xbgas-chipyard/.conda-env/riscv-tools --host=riscv64-unknown-elf

## --------- ##
## Platform. ##
## --------- ##

hostname = audion
uname -m = x86_64
uname -r = 5.19.0-46-generic
uname -s = Linux
uname -v = #47-Ubuntu SMP PREEMPT_DYNAMIC Fri Jun 16 13:30:11 UTC 2023

/usr/bin/uname -p = x86_64
/bin/uname -X     = unknown

/bin/arch              = x86_64
/usr/bin/arch -k       = unknown
/usr/convex/getsysinfo = unknown
/usr/bin/hostinfo      = unknown
/bin/machine           = unknown
/usr/bin/oslevel       = unknown
/bin/universe          = unknown

PATH: /home/mjeje/xbgas/xbgas-chipyard/.conda-env/riscv-tools/bin
PATH: /home/mjeje/xbgas/xbgas-chipyard/.conda-env/riscv-tools/bin
PATH: /home/mjeje/xbgas/xbgas-chipyard/.conda-env/bin
PATH: /home/mjeje/.vscode-server/bin/0ee08df0cf4527e40edc9aa28f4b5bd38bbff2b2/bin/remote-cli
PATH: /home/mjeje/.local/bin
PATH: /home/mjeje/bin
PATH: /home/mjeje/anaconda3/condabin
PATH: /home/mjeje/.local/bin
PATH: /home/mjeje/bin
PATH: /usr/local/sbin
PATH: /usr/local/bin
PATH: /usr/sbin
PATH: /usr/bin
PATH: /sbin
PATH: /bin
PATH: /usr/games
PATH: /usr/local/games
PATH: /snap/bin


## ----------- ##
## Core tests. ##
## ----------- ##

configure:1971: checking build system type
configure:1985: result: x86_64-conda-linux-gnu
configure:2005: checking host system type
configure:2018: result: riscv64-unknown-elf
configure:2051: checking for riscv64-unknown-elf-gcc
configure:2067: found /home/mjeje/xbgas/xbgas-chipyard/.conda-env/riscv-tools/bin/riscv64-unknown-elf-gcc
configure:2078: result: riscv64-unknown-elf-gcc
configure:2347: checking for C compiler version
configure:2356: riscv64-unknown-elf-gcc --version >&5
riscv64-unknown-elf-gcc (GCC) 9.2.0
Copyright (C) 2019 Free Software Foundation, Inc.
This is free software; see the source for copying conditions.  There is NO
warranty; not even for MERCHANTABILITY or FITNESS FOR A PARTICULAR PURPOSE.

configure:2367: $? = 0
configure:2356: riscv64-unknown-elf-gcc -v >&5
Using built-in specs.
COLLECT_GCC=riscv64-unknown-elf-gcc
COLLECT_LTO_WRAPPER=/home/mjeje/xbgas/xbgas-chipyard/.conda-env/riscv-tools/bin/../libexec/gcc/riscv64-unknown-elf/9.2.0/lto-wrapper
Target: riscv64-unknown-elf
Configured with: /home/mjeje/anaconda3/conda-bld/xbgas-tools_1704311077251/work/riscv-gnu-toolchain/build/../riscv-gcc/configure --target=riscv64-unknown-elf --prefix=/home/mjeje/anaconda3/conda-bld/xbgas-tools_1704311077251/_h_env_placehold_placehold_placehold_placehold_placehold_placehold_placehold_placehold_placehold_placehold_placehold_placehold_placehold_placehold_placehold_placehold_placehold_placehold_placehold_/riscv-tools --disable-shared --disable-threads --enable-languages=c,c++ --with-system-zlib --enable-tls --with-newlib --with-sysroot=/home/mjeje/anaconda3/conda-bld/xbgas-tools_1704311077251/_h_env_placehold_placehold_placehold_placehold_placehold_placehold_placehold_placehold_placehold_placehold_placehold_placehold_placehold_placehold_placehold_placehold_placehold_placehold_placehold_/riscv-tools/riscv64-unknown-elf --with-native-system-header-dir=/include --disable-libmudflap --disable-libssp --disable-libquadmath --disable-libgomp --disable-nls --disable-tm-clone-registry --src=../../riscv-gcc --enable-checking=yes --disable-multilib --with-abi=lp64d --with-arch=rv64imafdc --with-tune=rocket 'CFLAGS_FOR_TARGET=-Os  -mcmodel=medany' 'CXXFLAGS_FOR_TARGET=-Os  -mcmodel=medany'
Thread model: single
gcc version 9.2.0 (GCC) 
configure:2367: $? = 0
configure:2356: riscv64-unknown-elf-gcc -V >&5
riscv64-unknown-elf-gcc: error: unrecognized command line option '-V'
riscv64-unknown-elf-gcc: fatal error: no input files
compilation terminated.
configure:2367: $? = 1
configure:2356: riscv64-unknown-elf-gcc -qversion >&5
riscv64-unknown-elf-gcc: error: unrecognized command line option '-qversion'; did you mean '--version'?
riscv64-unknown-elf-gcc: fatal error: no input files
compilation terminated.
configure:2367: $? = 1
configure:2387: checking whether the C compiler works
configure:2409: riscv64-unknown-elf-gcc -march=nocona -mtune=haswell -ftree-vectorize -fPIC -fstack-protector-strong -fno-plt -O2 -ffunction-sections -pipe -isystem /home/mjeje/xbgas/xbgas-chipyard/.conda-env/include -DNDEBUG -D_FORTIFY_SOURCE=2 -O2 -isystem /home/mjeje/xbgas/xbgas-chipyard/.conda-env/include -Wl,-O2 -Wl,--sort-common -Wl,--as-needed -Wl,-z,relro -Wl,-z,now -Wl,--disable-new-dtags -Wl,--gc-sections -Wl,--allow-shlib-undefined -Wl,-rpath,/home/mjeje/xbgas/xbgas-chipyard/.conda-env/lib -Wl,-rpath-link,/home/mjeje/xbgas/xbgas-chipyard/.conda-env/lib -L/home/mjeje/xbgas/xbgas-chipyard/.conda-env/lib conftest.c  >&5
Assembler messages:
Fatal error: -march=nocona: ISA string must begin with rv32 or rv64
cc1: error: '-march=nocona': ISA string must begin with rv32 or rv64
cc1: error: unknown cpu 'haswell' for '-mtune'
cc1: error: requested ABI requires '-march' to subsume the 'D' extension
cc1: error: ABI requires '-march=rv64'
configure:2413: $? = 1
configure:2451: result: no
configure: failed program was:
| /* confdefs.h */
| #define PACKAGE_NAME "RISC-V Proxy Kernel"
| #define PACKAGE_TARNAME "riscv-pk"
| #define PACKAGE_VERSION "?"
| #define PACKAGE_STRING "RISC-V Proxy Kernel ?"
| #define PACKAGE_BUGREPORT "Andrew Waterman"
| #define PACKAGE_URL ""
| /* end confdefs.h.  */
| 
| int
| main ()
| {
| 
|   ;
|   return 0;
| }
configure:2456: error: in `/home/mjeje/xbgas/xbgas-chipyard/toolchains/riscv-tools/riscv-pk/build':
configure:2458: error: C compiler cannot create executables
See `config.log' for more details

## ---------------- ##
## Cache variables. ##
## ---------------- ##

ac_cv_build=x86_64-conda-linux-gnu
ac_cv_env_CCC_set=
ac_cv_env_CCC_value=
ac_cv_env_CC_set=set
ac_cv_env_CC_value=
ac_cv_env_CFLAGS_set=set
ac_cv_env_CFLAGS_value='-march=nocona -mtune=haswell -ftree-vectorize -fPIC -fstack-protector-strong -fno-plt -O2 -ffunction-sections -pipe -isystem /home/mjeje/xbgas/xbgas-chipyard/.conda-env/include'
ac_cv_env_CPPFLAGS_set=set
ac_cv_env_CPPFLAGS_value='-DNDEBUG -D_FORTIFY_SOURCE=2 -O2 -isystem /home/mjeje/xbgas/xbgas-chipyard/.conda-env/include'
ac_cv_env_CPP_set=set
ac_cv_env_CPP_value=/home/mjeje/xbgas/xbgas-chipyard/.conda-env/bin/x86_64-conda-linux-gnu-cpp
ac_cv_env_CXXFLAGS_set=
ac_cv_env_CXXFLAGS_value=
ac_cv_env_CXX_set=set
ac_cv_env_CXX_value=
ac_cv_env_LDFLAGS_set=set
ac_cv_env_LDFLAGS_value='-Wl,-O2 -Wl,--sort-common -Wl,--as-needed -Wl,-z,relro -Wl,-z,now -Wl,--disable-new-dtags -Wl,--gc-sections -Wl,--allow-shlib-undefined -Wl,-rpath,/home/mjeje/xbgas/xbgas-chipyard/.conda-env/lib -Wl,-rpath-link,/home/mjeje/xbgas/xbgas-chipyard/.conda-env/lib -L/home/mjeje/xbgas/xbgas-chipyard/.conda-env/lib'
ac_cv_env_LIBS_set=
ac_cv_env_LIBS_value=
ac_cv_env_RISCV_set=set
ac_cv_env_RISCV_value=/home/mjeje/xbgas/xbgas-chipyard/.conda-env/riscv-tools
ac_cv_env_STOW_PREFIX_set=
ac_cv_env_STOW_PREFIX_value=
ac_cv_env_STOW_ROOT_set=
ac_cv_env_STOW_ROOT_value=
ac_cv_env_build_alias_set=set
ac_cv_env_build_alias_value=x86_64-conda-linux-gnu
ac_cv_env_host_alias_set=set
ac_cv_env_host_alias_value=riscv64-unknown-elf
ac_cv_env_target_alias_set=
ac_cv_env_target_alias_value=
ac_cv_host=riscv64-unknown-elf
ac_cv_prog_CC=riscv64-unknown-elf-gcc

## ----------------- ##
## Output variables. ##
## ----------------- ##

AR='/home/mjeje/xbgas/xbgas-chipyard/.conda-env/bin/x86_64-conda-linux-gnu-ar'
BBL_PAYLOAD=''
CC='riscv64-unknown-elf-gcc'
CFLAGS='-march=nocona -mtune=haswell -ftree-vectorize -fPIC -fstack-protector-strong -fno-plt -O2 -ffunction-sections -pipe -isystem /home/mjeje/xbgas/xbgas-chipyard/.conda-env/include'
CPP='/home/mjeje/xbgas/xbgas-chipyard/.conda-env/bin/x86_64-conda-linux-gnu-cpp'
CPPFLAGS='-DNDEBUG -D_FORTIFY_SOURCE=2 -O2 -isystem /home/mjeje/xbgas/xbgas-chipyard/.conda-env/include'
CXX=''
CXXFLAGS=''
DEFS=''
ECHO_C=''
ECHO_N='-n'
ECHO_T=''
EGREP=''
EXEEXT=''
GREP=''
INSTALL_DATA=''
INSTALL_PROGRAM=''
INSTALL_SCRIPT=''
LDFLAGS='-Wl,-O2 -Wl,--sort-common -Wl,--as-needed -Wl,-z,relro -Wl,-z,now -Wl,--disable-new-dtags -Wl,--gc-sections -Wl,--allow-shlib-undefined -Wl,-rpath,/home/mjeje/xbgas/xbgas-chipyard/.conda-env/lib -Wl,-rpath-link,/home/mjeje/xbgas/xbgas-chipyard/.conda-env/lib -L/home/mjeje/xbgas/xbgas-chipyard/.conda-env/lib'
LIBOBJS=''
LIBS=''
LTLIBOBJS=''
OBJCOPY='/home/mjeje/xbgas/xbgas-chipyard/.conda-env/bin/x86_64-conda-linux-gnu-objcopy'
OBJEXT=''
PACKAGE_BUGREPORT='Andrew Waterman'
PACKAGE_NAME='RISC-V Proxy Kernel'
PACKAGE_STRING='RISC-V Proxy Kernel ?'
PACKAGE_TARNAME='riscv-pk'
PACKAGE_URL=''
PACKAGE_VERSION='?'
PATH_SEPARATOR=':'
PLATFORM_NAME=''
RANLIB='/home/mjeje/xbgas/xbgas-chipyard/.conda-env/bin/x86_64-conda-linux-gnu-ranlib'
READELF='/home/mjeje/xbgas/xbgas-chipyard/.conda-env/bin/x86_64-conda-linux-gnu-readelf'
RISCV='/home/mjeje/xbgas/xbgas-chipyard/.conda-env/riscv-tools'
SHELL='/bin/bash'
STOW_PREFIX=''
STOW_ROOT=''
ac_ct_CC=''
ac_ct_CXX=''
bindir='${exec_prefix}/bin'
build='x86_64-conda-linux-gnu'
build_alias='x86_64-conda-linux-gnu'
build_cpu='x86_64'
build_os='linux-gnu'
build_vendor='conda'
datadir='${datarootdir}'
datarootdir='${prefix}/share'
docdir='${datarootdir}/doc/${PACKAGE_TARNAME}'
dvidir='${docdir}'
enable_stow=''
exec_prefix='NONE'
host='riscv64-unknown-elf'
host_alias='riscv64-unknown-elf'
host_cpu='riscv64'
host_os='elf'
host_vendor='unknown'
htmldir='${docdir}'
includedir='${prefix}/include'
infodir='${datarootdir}/info'
install_subdir=''
libdir='${exec_prefix}/lib'
libexecdir='${exec_prefix}/libexec'
localedir='${datarootdir}/locale'
localstatedir='${prefix}/var'
mandir='${datarootdir}/man'
oldincludedir='/usr/include'
pdfdir='${docdir}'
prefix='/home/mjeje/xbgas/xbgas-chipyard/.conda-env/riscv-tools'
program_transform_name='s,x,x,'
psdir='${docdir}'
runstatedir='${localstatedir}/run'
sbindir='${exec_prefix}/sbin'
sharedstatedir='${prefix}/com'
stow=''
subprojects=''
subprojects_enabled=''
sysconfdir='${prefix}/etc'
target_alias=''

## ----------- ##
## confdefs.h. ##
## ----------- ##

/* confdefs.h */
#define PACKAGE_NAME "RISC-V Proxy Kernel"
#define PACKAGE_TARNAME "riscv-pk"
#define PACKAGE_VERSION "?"
#define PACKAGE_STRING "RISC-V Proxy Kernel ?"
#define PACKAGE_BUGREPORT "Andrew Waterman"
#define PACKAGE_URL ""

configure: exit 77